<?xml version="1.0" encoding="UTF-8"?>
<testng-results ignored="0" total="1" passed="1" failed="0" skipped="0">
  <reporter-output>
  </reporter-output>
  <suite started-at="2022-01-25T03:42:13 IST" name="All Test Suite" finished-at="2022-01-25T03:42:27 IST" duration-ms="13970">
    <groups>
    </groups>
    <test started-at="2022-01-25T03:42:13 IST" name="Login into HRM Through Excel Data" finished-at="2022-01-25T03:42:27 IST" duration-ms="13970">
      <class name="Test.LoginHRMThroughExcelData">
        <test-method is-config="true" signature="setUp(java.lang.String)[pri:0, instance:Test.LoginHRMThroughExcelData@3cc1435c]" started-at="2022-01-25T03:42:14 IST" name="setUp" finished-at="2022-01-25T03:42:16 IST" duration-ms="2450" status="PASS">
          <params>
            <param index="0">
              <value>
                <![CDATA[chrome]]>
              </value>
            </param>
          </params>
          <reporter-output>
          </reporter-output>
        </test-method> <!-- setUp -->
        <test-method signature="LoginThroughExcelData(java.lang.String,java.lang.String,java.lang.String)[pri:0, instance:Test.LoginHRMThroughExcelData@3cc1435c]" started-at="2022-01-25T03:42:16 IST" name="LoginThroughExcelData" data-provider="WebsiteLoginData" finished-at="2022-01-25T03:42:26 IST" duration-ms="10267" status="PASS">
          <params>
            <param index="0">
              <value>
                <![CDATA[https://opensource-demo.orangehrmlive.com/]]>
              </value>
            </param>
            <param index="1">
              <value>
                <![CDATA[Admin]]>
              </value>
            </param>
            <param index="2">
              <value>
                <![CDATA[admin123]]>
              </value>
            </param>
          </params>
          <reporter-output>
          </reporter-output>
        </test-method> <!-- LoginThroughExcelData -->
        <test-method is-config="true" signature="tearDown()[pri:0, instance:Test.LoginHRMThroughExcelData@3cc1435c]" started-at="2022-01-25T03:42:26 IST" name="tearDown" finished-at="2022-01-25T03:42:27 IST" duration-ms="612" status="PASS">
          <reporter-output>
          </reporter-output>
        </test-method> <!-- tearDown -->
      </class> <!-- Test.LoginHRMThroughExcelData -->
    </test> <!-- Login into HRM Through Excel Data -->
  </suite> <!-- All Test Suite -->
</testng-results>
